[2025-04-10T03:13:49.268+0000] {local_task_job_runner.py:120} INFO - ::group::Pre task execution logs
[2025-04-10T03:13:49.309+0000] {taskinstance.py:2076} INFO - Dependencies all met for dep_context=non-requeueable deps ti=<TaskInstance: realtime_user_streaming_pipeline.load_data manual__2025-04-10T03:13:34.501377+00:00 [queued]>
[2025-04-10T03:13:49.319+0000] {taskinstance.py:2076} INFO - Dependencies all met for dep_context=requeueable deps ti=<TaskInstance: realtime_user_streaming_pipeline.load_data manual__2025-04-10T03:13:34.501377+00:00 [queued]>
[2025-04-10T03:13:49.319+0000] {taskinstance.py:2306} INFO - Starting attempt 1 of 4
[2025-04-10T03:13:49.330+0000] {taskinstance.py:2330} INFO - Executing <Task(PythonOperator): load_data> on 2025-04-10 03:13:34.501377+00:00
[2025-04-10T03:13:49.351+0000] {logging_mixin.py:188} WARNING - /home/***/.local/lib/python3.12/site-packages/***/task/task_runner/standard_task_runner.py:62 DeprecationWarning: This process (pid=238) is multi-threaded, use of fork() may lead to deadlocks in the child.
[2025-04-10T03:13:49.350+0000] {standard_task_runner.py:90} INFO - Running: ['***', 'tasks', 'run', 'realtime_user_streaming_pipeline', 'load_data', 'manual__2025-04-10T03:13:34.501377+00:00', '--job-id', '45', '--raw', '--subdir', 'DAGS_FOLDER/realtime_streaming.py', '--cfg-path', '/tmp/tmp8b1ls_qr']
[2025-04-10T03:13:49.352+0000] {standard_task_runner.py:64} INFO - Started process 241 to run task
[2025-04-10T03:13:49.352+0000] {standard_task_runner.py:91} INFO - Job 45: Subtask load_data
[2025-04-10T03:13:49.385+0000] {task_command.py:426} INFO - Running <TaskInstance: realtime_user_streaming_pipeline.load_data manual__2025-04-10T03:13:34.501377+00:00 [running]> on host 4b246fcce89d
[2025-04-10T03:13:49.466+0000] {taskinstance.py:2648} INFO - Exporting env vars: AIRFLOW_CTX_DAG_OWNER='data_engineer' AIRFLOW_CTX_DAG_ID='realtime_user_streaming_pipeline' AIRFLOW_CTX_TASK_ID='load_data' AIRFLOW_CTX_EXECUTION_DATE='2025-04-10T03:13:34.501377+00:00' AIRFLOW_CTX_TRY_NUMBER='1' AIRFLOW_CTX_DAG_RUN_ID='manual__2025-04-10T03:13:34.501377+00:00'
[2025-04-10T03:13:49.469+0000] {taskinstance.py:430} INFO - ::endgroup::
[2025-04-10T03:13:49.507+0000] {conn.py:362} INFO - <BrokerConnection node_id=bootstrap-0 host=broker:9092 <connecting> [IPv4 ('172.18.0.8', 9092)]>: connecting to broker:9092 [('172.18.0.8', 9092) IPv4]
[2025-04-10T03:13:49.509+0000] {conn.py:957} INFO - Probing node bootstrap-0 broker version
[2025-04-10T03:13:49.509+0000] {conn.py:393} INFO - <BrokerConnection node_id=bootstrap-0 host=broker:9092 <connecting> [IPv4 ('172.18.0.8', 9092)]>: Connection complete.
[2025-04-10T03:13:49.613+0000] {conn.py:1019} INFO - Broker version identified as 2.6.0
[2025-04-10T03:13:49.614+0000] {conn.py:1020} INFO - Set configuration api_version=(2, 6, 0) to skip auto check_version requests on startup
[2025-04-10T03:13:49.631+0000] {etl_pipeline.py:110} INFO - Successfully sent 0 users to Kafka.
[2025-04-10T03:13:49.634+0000] {conn.py:673} INFO - <BrokerConnection node_id=bootstrap-0 host=broker:9092 <connected> [IPv4 ('172.18.0.8', 9092)]>: Closing connection. 
[2025-04-10T03:13:49.639+0000] {python.py:237} INFO - Done. Returned value was: None
[2025-04-10T03:13:49.641+0000] {taskinstance.py:441} INFO - ::group::Post task execution logs
[2025-04-10T03:13:49.655+0000] {taskinstance.py:1206} INFO - Marking task as SUCCESS. dag_id=realtime_user_streaming_pipeline, task_id=load_data, run_id=manual__2025-04-10T03:13:34.501377+00:00, execution_date=20250410T031334, start_date=20250410T031349, end_date=20250410T031349
[2025-04-10T03:13:49.699+0000] {local_task_job_runner.py:243} INFO - Task exited with return code 0
[2025-04-10T03:13:49.715+0000] {local_task_job_runner.py:222} INFO - ::endgroup::
