[2025-04-10T03:08:13.194+0000] {local_task_job_runner.py:120} INFO - ::group::Pre task execution logs
[2025-04-10T03:08:13.218+0000] {taskinstance.py:2076} INFO - Dependencies all met for dep_context=non-requeueable deps ti=<TaskInstance: realtime_user_streaming_pipeline.load_data manual__2025-04-10T03:08:08.943438+00:00 [queued]>
[2025-04-10T03:08:13.222+0000] {taskinstance.py:2076} INFO - Dependencies all met for dep_context=requeueable deps ti=<TaskInstance: realtime_user_streaming_pipeline.load_data manual__2025-04-10T03:08:08.943438+00:00 [queued]>
[2025-04-10T03:08:13.222+0000] {taskinstance.py:2306} INFO - Starting attempt 1 of 4
[2025-04-10T03:08:13.228+0000] {taskinstance.py:2330} INFO - Executing <Task(PythonOperator): load_data> on 2025-04-10 03:08:08.943438+00:00
[2025-04-10T03:08:13.233+0000] {standard_task_runner.py:90} INFO - Running: ['***', 'tasks', 'run', 'realtime_user_streaming_pipeline', 'load_data', 'manual__2025-04-10T03:08:08.943438+00:00', '--job-id', '30', '--raw', '--subdir', 'DAGS_FOLDER/realtime_streaming.py', '--cfg-path', '/tmp/tmpfp_5r1c0']
[2025-04-10T03:08:13.234+0000] {standard_task_runner.py:91} INFO - Job 30: Subtask load_data
[2025-04-10T03:08:13.234+0000] {logging_mixin.py:188} WARNING - /home/***/.local/lib/python3.12/site-packages/***/task/task_runner/standard_task_runner.py:62 DeprecationWarning: This process (pid=281) is multi-threaded, use of fork() may lead to deadlocks in the child.
[2025-04-10T03:08:13.235+0000] {standard_task_runner.py:64} INFO - Started process 282 to run task
[2025-04-10T03:08:13.255+0000] {task_command.py:426} INFO - Running <TaskInstance: realtime_user_streaming_pipeline.load_data manual__2025-04-10T03:08:08.943438+00:00 [running]> on host 4b246fcce89d
[2025-04-10T03:08:13.296+0000] {taskinstance.py:2648} INFO - Exporting env vars: AIRFLOW_CTX_DAG_OWNER='data_engineer' AIRFLOW_CTX_DAG_ID='realtime_user_streaming_pipeline' AIRFLOW_CTX_TASK_ID='load_data' AIRFLOW_CTX_EXECUTION_DATE='2025-04-10T03:08:08.943438+00:00' AIRFLOW_CTX_TRY_NUMBER='1' AIRFLOW_CTX_DAG_RUN_ID='manual__2025-04-10T03:08:08.943438+00:00'
[2025-04-10T03:08:13.297+0000] {taskinstance.py:430} INFO - ::endgroup::
[2025-04-10T03:08:13.308+0000] {conn.py:362} INFO - <BrokerConnection node_id=bootstrap-0 host=broker:9092 <connecting> [IPv4 ('172.18.0.8', 9092)]>: connecting to broker:9092 [('172.18.0.8', 9092) IPv4]
[2025-04-10T03:08:13.308+0000] {conn.py:957} INFO - Probing node bootstrap-0 broker version
[2025-04-10T03:08:13.309+0000] {conn.py:393} INFO - <BrokerConnection node_id=bootstrap-0 host=broker:9092 <connecting> [IPv4 ('172.18.0.8', 9092)]>: Connection complete.
[2025-04-10T03:08:13.418+0000] {conn.py:1019} INFO - Broker version identified as 2.6.0
[2025-04-10T03:08:13.419+0000] {conn.py:1020} INFO - Set configuration api_version=(2, 6, 0) to skip auto check_version requests on startup
[2025-04-10T03:08:13.432+0000] {etl_pipeline.py:107} INFO - Sent user bluepeacock600 to Kafka.
[2025-04-10T03:08:13.432+0000] {etl_pipeline.py:107} INFO - Sent user whitelion219 to Kafka.
[2025-04-10T03:08:13.433+0000] {etl_pipeline.py:107} INFO - Sent user bigtiger481 to Kafka.
[2025-04-10T03:08:13.433+0000] {etl_pipeline.py:107} INFO - Sent user greenfrog811 to Kafka.
[2025-04-10T03:08:13.433+0000] {etl_pipeline.py:107} INFO - Sent user bluelion523 to Kafka.
[2025-04-10T03:08:13.433+0000] {conn.py:362} INFO - <BrokerConnection node_id=1 host=broker:9092 <connecting> [IPv4 ('172.18.0.8', 9092)]>: connecting to broker:9092 [('172.18.0.8', 9092) IPv4]
[2025-04-10T03:08:13.433+0000] {etl_pipeline.py:107} INFO - Sent user greenbird500 to Kafka.
[2025-04-10T03:08:13.434+0000] {conn.py:393} INFO - <BrokerConnection node_id=1 host=broker:9092 <connecting> [IPv4 ('172.18.0.8', 9092)]>: Connection complete.
[2025-04-10T03:08:13.434+0000] {etl_pipeline.py:107} INFO - Sent user ticklishgorilla355 to Kafka.
[2025-04-10T03:08:13.434+0000] {conn.py:673} INFO - <BrokerConnection node_id=bootstrap-0 host=broker:9092 <connected> [IPv4 ('172.18.0.8', 9092)]>: Closing connection. 
[2025-04-10T03:08:13.434+0000] {etl_pipeline.py:107} INFO - Sent user blacklion692 to Kafka.
[2025-04-10T03:08:13.436+0000] {etl_pipeline.py:107} INFO - Sent user smallgorilla926 to Kafka.
[2025-04-10T03:08:13.436+0000] {etl_pipeline.py:107} INFO - Sent user blackcat583 to Kafka.
[2025-04-10T03:08:13.437+0000] {etl_pipeline.py:107} INFO - Sent user purplemeercat564 to Kafka.
[2025-04-10T03:08:13.438+0000] {etl_pipeline.py:107} INFO - Sent user goldenrabbit250 to Kafka.
[2025-04-10T03:08:13.438+0000] {etl_pipeline.py:107} INFO - Sent user greenduck724 to Kafka.
[2025-04-10T03:08:13.439+0000] {etl_pipeline.py:107} INFO - Sent user brownostrich391 to Kafka.
[2025-04-10T03:08:13.439+0000] {etl_pipeline.py:107} INFO - Sent user bluegoose462 to Kafka.
[2025-04-10T03:08:13.439+0000] {etl_pipeline.py:107} INFO - Sent user heavykoala521 to Kafka.
[2025-04-10T03:08:13.439+0000] {etl_pipeline.py:107} INFO - Sent user bigwolf189 to Kafka.
[2025-04-10T03:08:13.439+0000] {etl_pipeline.py:107} INFO - Sent user organiczebra234 to Kafka.
[2025-04-10T03:08:13.440+0000] {etl_pipeline.py:107} INFO - Sent user lazybird724 to Kafka.
[2025-04-10T03:08:13.440+0000] {etl_pipeline.py:107} INFO - Sent user blackfrog410 to Kafka.
[2025-04-10T03:08:13.440+0000] {etl_pipeline.py:107} INFO - Sent user heavywolf547 to Kafka.
[2025-04-10T03:08:13.440+0000] {etl_pipeline.py:107} INFO - Sent user blackpeacock539 to Kafka.
[2025-04-10T03:08:13.442+0000] {etl_pipeline.py:107} INFO - Sent user whiteostrich485 to Kafka.
[2025-04-10T03:08:13.442+0000] {etl_pipeline.py:107} INFO - Sent user goldenduck449 to Kafka.
[2025-04-10T03:08:13.442+0000] {etl_pipeline.py:107} INFO - Sent user crazylion159 to Kafka.
[2025-04-10T03:08:13.442+0000] {etl_pipeline.py:107} INFO - Sent user crazygorilla388 to Kafka.
[2025-04-10T03:08:13.442+0000] {etl_pipeline.py:107} INFO - Sent user heavytiger103 to Kafka.
[2025-04-10T03:08:13.442+0000] {etl_pipeline.py:107} INFO - Sent user whitelion120 to Kafka.
[2025-04-10T03:08:13.443+0000] {etl_pipeline.py:107} INFO - Sent user happyleopard227 to Kafka.
[2025-04-10T03:08:13.443+0000] {etl_pipeline.py:107} INFO - Sent user happyfrog719 to Kafka.
[2025-04-10T03:08:13.443+0000] {etl_pipeline.py:107} INFO - Sent user organicgoose483 to Kafka.
[2025-04-10T03:08:13.443+0000] {etl_pipeline.py:107} INFO - Sent user lazybear106 to Kafka.
[2025-04-10T03:08:13.443+0000] {etl_pipeline.py:107} INFO - Sent user bigmouse493 to Kafka.
[2025-04-10T03:08:13.443+0000] {etl_pipeline.py:107} INFO - Sent user smallwolf299 to Kafka.
[2025-04-10T03:08:13.444+0000] {etl_pipeline.py:107} INFO - Sent user beautifulleopard883 to Kafka.
[2025-04-10T03:08:13.444+0000] {etl_pipeline.py:107} INFO - Sent user goldenkoala155 to Kafka.
[2025-04-10T03:08:13.444+0000] {etl_pipeline.py:107} INFO - Sent user organicmeercat533 to Kafka.
[2025-04-10T03:08:13.444+0000] {etl_pipeline.py:107} INFO - Sent user sadlion971 to Kafka.
[2025-04-10T03:08:13.444+0000] {etl_pipeline.py:107} INFO - Sent user blackgoose904 to Kafka.
[2025-04-10T03:08:13.444+0000] {etl_pipeline.py:107} INFO - Sent user redmeercat476 to Kafka.
[2025-04-10T03:08:13.444+0000] {etl_pipeline.py:107} INFO - Sent user bluemouse275 to Kafka.
[2025-04-10T03:08:13.444+0000] {etl_pipeline.py:107} INFO - Sent user heavytiger567 to Kafka.
[2025-04-10T03:08:13.445+0000] {etl_pipeline.py:107} INFO - Sent user heavyladybug595 to Kafka.
[2025-04-10T03:08:13.445+0000] {etl_pipeline.py:107} INFO - Sent user whiteladybug199 to Kafka.
[2025-04-10T03:08:13.445+0000] {etl_pipeline.py:107} INFO - Sent user bigleopard896 to Kafka.
[2025-04-10T03:08:13.445+0000] {etl_pipeline.py:107} INFO - Sent user goldenrabbit213 to Kafka.
[2025-04-10T03:08:13.445+0000] {etl_pipeline.py:107} INFO - Sent user angryswan434 to Kafka.
[2025-04-10T03:08:13.445+0000] {etl_pipeline.py:107} INFO - Sent user sadbear597 to Kafka.
[2025-04-10T03:08:13.445+0000] {etl_pipeline.py:107} INFO - Sent user ticklishelephant850 to Kafka.
[2025-04-10T03:08:13.445+0000] {etl_pipeline.py:107} INFO - Sent user organicmouse966 to Kafka.
[2025-04-10T03:08:13.446+0000] {etl_pipeline.py:107} INFO - Sent user lazyfish481 to Kafka.
[2025-04-10T03:08:13.446+0000] {etl_pipeline.py:107} INFO - Sent user happyfish709 to Kafka.
[2025-04-10T03:08:13.446+0000] {etl_pipeline.py:107} INFO - Sent user biggorilla934 to Kafka.
[2025-04-10T03:08:13.446+0000] {etl_pipeline.py:107} INFO - Sent user angrycat996 to Kafka.
[2025-04-10T03:08:13.447+0000] {etl_pipeline.py:107} INFO - Sent user purplegoose847 to Kafka.
[2025-04-10T03:08:13.447+0000] {etl_pipeline.py:107} INFO - Sent user silverduck465 to Kafka.
[2025-04-10T03:08:13.447+0000] {etl_pipeline.py:107} INFO - Sent user purplepanda455 to Kafka.
[2025-04-10T03:08:13.447+0000] {etl_pipeline.py:107} INFO - Sent user redmeercat615 to Kafka.
[2025-04-10T03:08:13.447+0000] {etl_pipeline.py:107} INFO - Sent user redrabbit726 to Kafka.
[2025-04-10T03:08:13.447+0000] {etl_pipeline.py:107} INFO - Sent user whitemeercat978 to Kafka.
[2025-04-10T03:08:13.447+0000] {etl_pipeline.py:107} INFO - Sent user greenostrich439 to Kafka.
[2025-04-10T03:08:13.447+0000] {etl_pipeline.py:107} INFO - Sent user goldensnake816 to Kafka.
[2025-04-10T03:08:13.448+0000] {etl_pipeline.py:107} INFO - Sent user bigelephant289 to Kafka.
[2025-04-10T03:08:13.448+0000] {etl_pipeline.py:107} INFO - Sent user happygorilla897 to Kafka.
[2025-04-10T03:08:13.448+0000] {etl_pipeline.py:107} INFO - Sent user goldenfish567 to Kafka.
[2025-04-10T03:08:13.448+0000] {etl_pipeline.py:107} INFO - Sent user greenfish361 to Kafka.
[2025-04-10T03:08:13.448+0000] {etl_pipeline.py:107} INFO - Sent user smallfrog456 to Kafka.
[2025-04-10T03:08:13.448+0000] {etl_pipeline.py:107} INFO - Sent user yellowfish646 to Kafka.
[2025-04-10T03:08:13.448+0000] {etl_pipeline.py:107} INFO - Sent user silvertiger363 to Kafka.
[2025-04-10T03:08:13.449+0000] {etl_pipeline.py:107} INFO - Sent user smallbutterfly568 to Kafka.
[2025-04-10T03:08:13.449+0000] {etl_pipeline.py:107} INFO - Sent user organicpeacock664 to Kafka.
[2025-04-10T03:08:13.449+0000] {etl_pipeline.py:107} INFO - Sent user orangebird801 to Kafka.
[2025-04-10T03:08:13.453+0000] {etl_pipeline.py:107} INFO - Sent user greenduck944 to Kafka.
[2025-04-10T03:08:13.453+0000] {etl_pipeline.py:107} INFO - Sent user orangebear432 to Kafka.
[2025-04-10T03:08:13.454+0000] {etl_pipeline.py:107} INFO - Sent user greenpanda609 to Kafka.
[2025-04-10T03:08:13.454+0000] {etl_pipeline.py:107} INFO - Sent user crazymeercat234 to Kafka.
[2025-04-10T03:08:13.454+0000] {etl_pipeline.py:107} INFO - Sent user angryfrog259 to Kafka.
[2025-04-10T03:08:13.455+0000] {etl_pipeline.py:107} INFO - Sent user happywolf151 to Kafka.
[2025-04-10T03:08:13.455+0000] {etl_pipeline.py:107} INFO - Sent user beautifullion817 to Kafka.
[2025-04-10T03:08:13.456+0000] {etl_pipeline.py:107} INFO - Sent user smallmouse983 to Kafka.
[2025-04-10T03:08:13.456+0000] {etl_pipeline.py:107} INFO - Sent user organicostrich311 to Kafka.
[2025-04-10T03:08:13.457+0000] {etl_pipeline.py:107} INFO - Sent user goldensnake120 to Kafka.
[2025-04-10T03:08:13.458+0000] {etl_pipeline.py:107} INFO - Sent user ticklishfish721 to Kafka.
[2025-04-10T03:08:13.459+0000] {etl_pipeline.py:107} INFO - Sent user ticklishduck490 to Kafka.
[2025-04-10T03:08:13.460+0000] {etl_pipeline.py:107} INFO - Sent user sadostrich308 to Kafka.
[2025-04-10T03:08:13.460+0000] {etl_pipeline.py:107} INFO - Sent user bluegorilla226 to Kafka.
[2025-04-10T03:08:13.460+0000] {etl_pipeline.py:107} INFO - Sent user silverfrog691 to Kafka.
[2025-04-10T03:08:13.460+0000] {etl_pipeline.py:107} INFO - Sent user smallbird448 to Kafka.
[2025-04-10T03:08:13.460+0000] {etl_pipeline.py:107} INFO - Sent user happyfrog240 to Kafka.
[2025-04-10T03:08:13.461+0000] {etl_pipeline.py:107} INFO - Sent user crazybear537 to Kafka.
[2025-04-10T03:08:13.461+0000] {etl_pipeline.py:107} INFO - Sent user purpleelephant472 to Kafka.
[2025-04-10T03:08:13.462+0000] {etl_pipeline.py:107} INFO - Sent user beautifulcat249 to Kafka.
[2025-04-10T03:08:13.463+0000] {etl_pipeline.py:107} INFO - Sent user orangefrog895 to Kafka.
[2025-04-10T03:08:13.463+0000] {etl_pipeline.py:107} INFO - Sent user angrytiger563 to Kafka.
[2025-04-10T03:08:13.465+0000] {etl_pipeline.py:107} INFO - Sent user smallswan149 to Kafka.
[2025-04-10T03:08:13.466+0000] {etl_pipeline.py:107} INFO - Sent user redfrog341 to Kafka.
[2025-04-10T03:08:13.467+0000] {etl_pipeline.py:107} INFO - Sent user goldenkoala669 to Kafka.
[2025-04-10T03:08:13.468+0000] {etl_pipeline.py:107} INFO - Sent user bluetiger718 to Kafka.
[2025-04-10T03:08:13.469+0000] {etl_pipeline.py:107} INFO - Sent user crazyswan158 to Kafka.
[2025-04-10T03:08:13.470+0000] {etl_pipeline.py:107} INFO - Sent user sadfrog902 to Kafka.
[2025-04-10T03:08:13.473+0000] {etl_pipeline.py:110} INFO - Successfully sent 100 users to Kafka.
[2025-04-10T03:08:13.473+0000] {conn.py:673} INFO - <BrokerConnection node_id=1 host=broker:9092 <connected> [IPv4 ('172.18.0.8', 9092)]>: Closing connection. 
[2025-04-10T03:08:13.475+0000] {python.py:237} INFO - Done. Returned value was: None
[2025-04-10T03:08:13.476+0000] {taskinstance.py:441} INFO - ::group::Post task execution logs
[2025-04-10T03:08:13.486+0000] {taskinstance.py:1206} INFO - Marking task as SUCCESS. dag_id=realtime_user_streaming_pipeline, task_id=load_data, run_id=manual__2025-04-10T03:08:08.943438+00:00, execution_date=20250410T030808, start_date=20250410T030813, end_date=20250410T030813
[2025-04-10T03:08:13.498+0000] {local_task_job_runner.py:243} INFO - Task exited with return code 0
[2025-04-10T03:08:13.509+0000] {taskinstance.py:3503} INFO - 0 downstream tasks scheduled from follow-on schedule check
[2025-04-10T03:08:13.509+0000] {local_task_job_runner.py:222} INFO - ::endgroup::
