[2025-04-10T03:06:31.141+0000] {local_task_job_runner.py:120} INFO - ::group::Pre task execution logs
[2025-04-10T03:06:31.159+0000] {taskinstance.py:2076} INFO - Dependencies all met for dep_context=non-requeueable deps ti=<TaskInstance: realtime_user_streaming_pipeline.load_data manual__2025-04-10T03:06:26.209555+00:00 [queued]>
[2025-04-10T03:06:31.163+0000] {taskinstance.py:2076} INFO - Dependencies all met for dep_context=requeueable deps ti=<TaskInstance: realtime_user_streaming_pipeline.load_data manual__2025-04-10T03:06:26.209555+00:00 [queued]>
[2025-04-10T03:06:31.163+0000] {taskinstance.py:2306} INFO - Starting attempt 1 of 4
[2025-04-10T03:06:31.168+0000] {taskinstance.py:2330} INFO - Executing <Task(PythonOperator): load_data> on 2025-04-10 03:06:26.209555+00:00
[2025-04-10T03:06:31.174+0000] {logging_mixin.py:188} WARNING - /home/***/.local/lib/python3.12/site-packages/***/task/task_runner/standard_task_runner.py:62 DeprecationWarning: This process (pid=239) is multi-threaded, use of fork() may lead to deadlocks in the child.
[2025-04-10T03:06:31.174+0000] {standard_task_runner.py:64} INFO - Started process 240 to run task
[2025-04-10T03:06:31.173+0000] {standard_task_runner.py:90} INFO - Running: ['***', 'tasks', 'run', 'realtime_user_streaming_pipeline', 'load_data', 'manual__2025-04-10T03:06:26.209555+00:00', '--job-id', '26', '--raw', '--subdir', 'DAGS_FOLDER/realtime_streaming.py', '--cfg-path', '/tmp/tmpamo09ufd']
[2025-04-10T03:06:31.175+0000] {standard_task_runner.py:91} INFO - Job 26: Subtask load_data
[2025-04-10T03:06:31.191+0000] {task_command.py:426} INFO - Running <TaskInstance: realtime_user_streaming_pipeline.load_data manual__2025-04-10T03:06:26.209555+00:00 [running]> on host 4b246fcce89d
[2025-04-10T03:06:31.228+0000] {taskinstance.py:2648} INFO - Exporting env vars: AIRFLOW_CTX_DAG_OWNER='data_engineer' AIRFLOW_CTX_DAG_ID='realtime_user_streaming_pipeline' AIRFLOW_CTX_TASK_ID='load_data' AIRFLOW_CTX_EXECUTION_DATE='2025-04-10T03:06:26.209555+00:00' AIRFLOW_CTX_TRY_NUMBER='1' AIRFLOW_CTX_DAG_RUN_ID='manual__2025-04-10T03:06:26.209555+00:00'
[2025-04-10T03:06:31.228+0000] {taskinstance.py:430} INFO - ::endgroup::
[2025-04-10T03:06:31.236+0000] {conn.py:362} INFO - <BrokerConnection node_id=bootstrap-0 host=broker:9092 <connecting> [IPv4 ('172.18.0.8', 9092)]>: connecting to broker:9092 [('172.18.0.8', 9092) IPv4]
[2025-04-10T03:06:31.238+0000] {conn.py:957} INFO - Probing node bootstrap-0 broker version
[2025-04-10T03:06:31.238+0000] {conn.py:393} INFO - <BrokerConnection node_id=bootstrap-0 host=broker:9092 <connecting> [IPv4 ('172.18.0.8', 9092)]>: Connection complete.
[2025-04-10T03:06:31.345+0000] {conn.py:1019} INFO - Broker version identified as 2.6.0
[2025-04-10T03:06:31.346+0000] {conn.py:1020} INFO - Set configuration api_version=(2, 6, 0) to skip auto check_version requests on startup
[2025-04-10T03:06:31.561+0000] {conn.py:362} INFO - <BrokerConnection node_id=1 host=broker:9092 <connecting> [IPv4 ('172.18.0.8', 9092)]>: connecting to broker:9092 [('172.18.0.8', 9092) IPv4]
[2025-04-10T03:06:31.562+0000] {conn.py:393} INFO - <BrokerConnection node_id=1 host=broker:9092 <connecting> [IPv4 ('172.18.0.8', 9092)]>: Connection complete.
[2025-04-10T03:06:31.563+0000] {conn.py:673} INFO - <BrokerConnection node_id=bootstrap-0 host=broker:9092 <connected> [IPv4 ('172.18.0.8', 9092)]>: Closing connection. 
[2025-04-10T03:06:32.301+0000] {etl_pipeline.py:107} INFO - Sent user silverostrich714 to Kafka.
[2025-04-10T03:06:32.304+0000] {etl_pipeline.py:107} INFO - Sent user goldenpeacock234 to Kafka.
[2025-04-10T03:06:32.304+0000] {etl_pipeline.py:107} INFO - Sent user silverbird662 to Kafka.
[2025-04-10T03:06:32.304+0000] {etl_pipeline.py:107} INFO - Sent user goldenrabbit936 to Kafka.
[2025-04-10T03:06:32.305+0000] {etl_pipeline.py:107} INFO - Sent user brownduck634 to Kafka.
[2025-04-10T03:06:32.305+0000] {etl_pipeline.py:107} INFO - Sent user blackmouse198 to Kafka.
[2025-04-10T03:06:32.306+0000] {etl_pipeline.py:107} INFO - Sent user orangelion696 to Kafka.
[2025-04-10T03:06:32.306+0000] {etl_pipeline.py:107} INFO - Sent user orangelion246 to Kafka.
[2025-04-10T03:06:32.306+0000] {etl_pipeline.py:107} INFO - Sent user bluefrog309 to Kafka.
[2025-04-10T03:06:32.306+0000] {etl_pipeline.py:107} INFO - Sent user heavypeacock505 to Kafka.
[2025-04-10T03:06:32.306+0000] {etl_pipeline.py:107} INFO - Sent user lazytiger451 to Kafka.
[2025-04-10T03:06:32.306+0000] {etl_pipeline.py:107} INFO - Sent user organicdog782 to Kafka.
[2025-04-10T03:06:32.306+0000] {etl_pipeline.py:107} INFO - Sent user bigostrich629 to Kafka.
[2025-04-10T03:06:32.306+0000] {etl_pipeline.py:107} INFO - Sent user saddog617 to Kafka.
[2025-04-10T03:06:32.307+0000] {etl_pipeline.py:107} INFO - Sent user ticklishmeercat271 to Kafka.
[2025-04-10T03:06:32.307+0000] {etl_pipeline.py:107} INFO - Sent user sadgorilla173 to Kafka.
[2025-04-10T03:06:32.307+0000] {etl_pipeline.py:107} INFO - Sent user bigbear307 to Kafka.
[2025-04-10T03:06:32.307+0000] {etl_pipeline.py:107} INFO - Sent user silversnake929 to Kafka.
[2025-04-10T03:06:32.307+0000] {etl_pipeline.py:107} INFO - Sent user organicladybug601 to Kafka.
[2025-04-10T03:06:32.307+0000] {etl_pipeline.py:107} INFO - Sent user beautifulostrich549 to Kafka.
[2025-04-10T03:06:32.307+0000] {etl_pipeline.py:107} INFO - Sent user whiteladybug351 to Kafka.
[2025-04-10T03:06:32.307+0000] {etl_pipeline.py:107} INFO - Sent user beautifulleopard945 to Kafka.
[2025-04-10T03:06:32.308+0000] {etl_pipeline.py:107} INFO - Sent user crazylion924 to Kafka.
[2025-04-10T03:06:32.308+0000] {etl_pipeline.py:107} INFO - Sent user goldendog201 to Kafka.
[2025-04-10T03:06:32.308+0000] {etl_pipeline.py:107} INFO - Sent user yellowostrich121 to Kafka.
[2025-04-10T03:06:32.308+0000] {etl_pipeline.py:107} INFO - Sent user yellowelephant479 to Kafka.
[2025-04-10T03:06:32.308+0000] {etl_pipeline.py:107} INFO - Sent user tinyduck423 to Kafka.
[2025-04-10T03:06:32.308+0000] {etl_pipeline.py:107} INFO - Sent user lazyrabbit876 to Kafka.
[2025-04-10T03:06:32.311+0000] {etl_pipeline.py:107} INFO - Sent user orangegorilla264 to Kafka.
[2025-04-10T03:06:32.311+0000] {etl_pipeline.py:107} INFO - Sent user greenbear480 to Kafka.
[2025-04-10T03:06:32.311+0000] {etl_pipeline.py:107} INFO - Sent user bigtiger636 to Kafka.
[2025-04-10T03:06:32.311+0000] {etl_pipeline.py:107} INFO - Sent user crazyrabbit343 to Kafka.
[2025-04-10T03:06:32.311+0000] {etl_pipeline.py:107} INFO - Sent user sadelephant234 to Kafka.
[2025-04-10T03:06:32.312+0000] {etl_pipeline.py:107} INFO - Sent user whitepeacock993 to Kafka.
[2025-04-10T03:06:32.312+0000] {etl_pipeline.py:107} INFO - Sent user heavysnake883 to Kafka.
[2025-04-10T03:06:32.312+0000] {etl_pipeline.py:107} INFO - Sent user blacktiger676 to Kafka.
[2025-04-10T03:06:32.312+0000] {etl_pipeline.py:107} INFO - Sent user ticklishlion131 to Kafka.
[2025-04-10T03:06:32.312+0000] {etl_pipeline.py:107} INFO - Sent user sadswan187 to Kafka.
[2025-04-10T03:06:32.312+0000] {etl_pipeline.py:107} INFO - Sent user silverswan684 to Kafka.
[2025-04-10T03:06:32.312+0000] {etl_pipeline.py:107} INFO - Sent user crazygorilla114 to Kafka.
[2025-04-10T03:06:32.313+0000] {etl_pipeline.py:107} INFO - Sent user bluemeercat796 to Kafka.
[2025-04-10T03:06:32.313+0000] {etl_pipeline.py:107} INFO - Sent user silverbutterfly357 to Kafka.
[2025-04-10T03:06:32.313+0000] {etl_pipeline.py:107} INFO - Sent user organicmeercat125 to Kafka.
[2025-04-10T03:06:32.313+0000] {etl_pipeline.py:107} INFO - Sent user yellowgoose526 to Kafka.
[2025-04-10T03:06:32.313+0000] {etl_pipeline.py:107} INFO - Sent user redbear317 to Kafka.
[2025-04-10T03:06:32.313+0000] {etl_pipeline.py:107} INFO - Sent user tinyelephant739 to Kafka.
[2025-04-10T03:06:32.314+0000] {etl_pipeline.py:107} INFO - Sent user smalltiger486 to Kafka.
[2025-04-10T03:06:32.314+0000] {etl_pipeline.py:107} INFO - Sent user angrylion639 to Kafka.
[2025-04-10T03:06:32.314+0000] {etl_pipeline.py:107} INFO - Sent user organicswan505 to Kafka.
[2025-04-10T03:06:32.314+0000] {etl_pipeline.py:107} INFO - Sent user yellowfish939 to Kafka.
[2025-04-10T03:06:32.314+0000] {etl_pipeline.py:107} INFO - Sent user blackrabbit860 to Kafka.
[2025-04-10T03:06:32.315+0000] {etl_pipeline.py:107} INFO - Sent user sadelephant236 to Kafka.
[2025-04-10T03:06:32.315+0000] {etl_pipeline.py:107} INFO - Sent user redcat649 to Kafka.
[2025-04-10T03:06:32.315+0000] {etl_pipeline.py:107} INFO - Sent user whitetiger377 to Kafka.
[2025-04-10T03:06:32.315+0000] {etl_pipeline.py:107} INFO - Sent user tinyladybug599 to Kafka.
[2025-04-10T03:06:32.316+0000] {etl_pipeline.py:107} INFO - Sent user sadleopard787 to Kafka.
[2025-04-10T03:06:32.316+0000] {etl_pipeline.py:107} INFO - Sent user ticklishladybug325 to Kafka.
[2025-04-10T03:06:32.316+0000] {etl_pipeline.py:107} INFO - Sent user beautifulpanda130 to Kafka.
[2025-04-10T03:06:32.316+0000] {etl_pipeline.py:107} INFO - Sent user purplepanda812 to Kafka.
[2025-04-10T03:06:32.317+0000] {etl_pipeline.py:107} INFO - Sent user heavybutterfly189 to Kafka.
[2025-04-10T03:06:32.317+0000] {etl_pipeline.py:107} INFO - Sent user yellowzebra305 to Kafka.
[2025-04-10T03:06:32.317+0000] {etl_pipeline.py:107} INFO - Sent user orangegoose849 to Kafka.
[2025-04-10T03:06:32.317+0000] {etl_pipeline.py:107} INFO - Sent user ticklishtiger559 to Kafka.
[2025-04-10T03:06:32.317+0000] {etl_pipeline.py:107} INFO - Sent user happygorilla868 to Kafka.
[2025-04-10T03:06:32.317+0000] {etl_pipeline.py:107} INFO - Sent user purplerabbit395 to Kafka.
[2025-04-10T03:06:32.317+0000] {etl_pipeline.py:107} INFO - Sent user angrycat148 to Kafka.
[2025-04-10T03:06:32.318+0000] {etl_pipeline.py:107} INFO - Sent user lazymeercat933 to Kafka.
[2025-04-10T03:06:32.318+0000] {etl_pipeline.py:107} INFO - Sent user angrykoala930 to Kafka.
[2025-04-10T03:06:32.318+0000] {etl_pipeline.py:107} INFO - Sent user smallmouse917 to Kafka.
[2025-04-10T03:06:32.318+0000] {etl_pipeline.py:107} INFO - Sent user bigduck999 to Kafka.
[2025-04-10T03:06:32.318+0000] {etl_pipeline.py:107} INFO - Sent user angrykoala333 to Kafka.
[2025-04-10T03:06:32.318+0000] {etl_pipeline.py:107} INFO - Sent user beautifulfrog535 to Kafka.
[2025-04-10T03:06:32.319+0000] {etl_pipeline.py:107} INFO - Sent user greencat145 to Kafka.
[2025-04-10T03:06:32.319+0000] {etl_pipeline.py:107} INFO - Sent user greenfrog634 to Kafka.
[2025-04-10T03:06:32.319+0000] {etl_pipeline.py:107} INFO - Sent user sadelephant646 to Kafka.
[2025-04-10T03:06:32.319+0000] {etl_pipeline.py:107} INFO - Sent user greenladybug479 to Kafka.
[2025-04-10T03:06:32.319+0000] {etl_pipeline.py:107} INFO - Sent user ticklishladybug901 to Kafka.
[2025-04-10T03:06:32.319+0000] {etl_pipeline.py:107} INFO - Sent user angryswan197 to Kafka.
[2025-04-10T03:06:32.319+0000] {etl_pipeline.py:107} INFO - Sent user goldenlion233 to Kafka.
[2025-04-10T03:06:32.319+0000] {etl_pipeline.py:107} INFO - Sent user blackswan826 to Kafka.
[2025-04-10T03:06:32.320+0000] {etl_pipeline.py:107} INFO - Sent user lazylion898 to Kafka.
[2025-04-10T03:06:32.320+0000] {etl_pipeline.py:107} INFO - Sent user lazyduck874 to Kafka.
[2025-04-10T03:06:32.320+0000] {etl_pipeline.py:107} INFO - Sent user tinyduck797 to Kafka.
[2025-04-10T03:06:32.320+0000] {etl_pipeline.py:107} INFO - Sent user silverleopard853 to Kafka.
[2025-04-10T03:06:32.320+0000] {etl_pipeline.py:107} INFO - Sent user sadcat509 to Kafka.
[2025-04-10T03:06:32.320+0000] {etl_pipeline.py:107} INFO - Sent user sadmouse338 to Kafka.
[2025-04-10T03:06:32.320+0000] {etl_pipeline.py:107} INFO - Sent user lazydog550 to Kafka.
[2025-04-10T03:06:32.321+0000] {etl_pipeline.py:107} INFO - Sent user goldenduck939 to Kafka.
[2025-04-10T03:06:32.321+0000] {etl_pipeline.py:107} INFO - Sent user bigduck582 to Kafka.
[2025-04-10T03:06:32.321+0000] {etl_pipeline.py:107} INFO - Sent user smallladybug327 to Kafka.
[2025-04-10T03:06:32.321+0000] {etl_pipeline.py:107} INFO - Sent user crazysnake491 to Kafka.
[2025-04-10T03:06:32.321+0000] {etl_pipeline.py:107} INFO - Sent user beautifulrabbit714 to Kafka.
[2025-04-10T03:06:32.321+0000] {etl_pipeline.py:107} INFO - Sent user crazysnake737 to Kafka.
[2025-04-10T03:06:32.322+0000] {etl_pipeline.py:107} INFO - Sent user silvermouse563 to Kafka.
[2025-04-10T03:06:32.322+0000] {etl_pipeline.py:107} INFO - Sent user yellowostrich965 to Kafka.
[2025-04-10T03:06:32.322+0000] {etl_pipeline.py:107} INFO - Sent user beautifultiger483 to Kafka.
[2025-04-10T03:06:32.322+0000] {etl_pipeline.py:107} INFO - Sent user smallmeercat129 to Kafka.
[2025-04-10T03:06:32.322+0000] {etl_pipeline.py:107} INFO - Sent user happygorilla874 to Kafka.
[2025-04-10T03:06:32.322+0000] {etl_pipeline.py:107} INFO - Sent user blueladybug239 to Kafka.
[2025-04-10T03:06:32.322+0000] {etl_pipeline.py:107} INFO - Sent user tinyladybug258 to Kafka.
[2025-04-10T03:06:32.339+0000] {etl_pipeline.py:110} INFO - Successfully sent 100 users to Kafka.
[2025-04-10T03:06:32.339+0000] {conn.py:673} INFO - <BrokerConnection node_id=1 host=broker:9092 <connected> [IPv4 ('172.18.0.8', 9092)]>: Closing connection. 
[2025-04-10T03:06:32.340+0000] {python.py:237} INFO - Done. Returned value was: None
[2025-04-10T03:06:32.340+0000] {taskinstance.py:441} INFO - ::group::Post task execution logs
[2025-04-10T03:06:32.370+0000] {taskinstance.py:1206} INFO - Marking task as SUCCESS. dag_id=realtime_user_streaming_pipeline, task_id=load_data, run_id=manual__2025-04-10T03:06:26.209555+00:00, execution_date=20250410T030626, start_date=20250410T030631, end_date=20250410T030632
[2025-04-10T03:06:32.424+0000] {local_task_job_runner.py:243} INFO - Task exited with return code 0
[2025-04-10T03:06:32.451+0000] {taskinstance.py:3503} INFO - 0 downstream tasks scheduled from follow-on schedule check
[2025-04-10T03:06:32.451+0000] {local_task_job_runner.py:222} INFO - ::endgroup::
