[2025-04-10T03:13:27.728+0000] {local_task_job_runner.py:120} INFO - ::group::Pre task execution logs
[2025-04-10T03:13:27.744+0000] {taskinstance.py:2076} INFO - Dependencies all met for dep_context=non-requeueable deps ti=<TaskInstance: realtime_user_streaming_pipeline.load_data manual__2025-04-10T03:13:23.288254+00:00 [queued]>
[2025-04-10T03:13:27.748+0000] {taskinstance.py:2076} INFO - Dependencies all met for dep_context=requeueable deps ti=<TaskInstance: realtime_user_streaming_pipeline.load_data manual__2025-04-10T03:13:23.288254+00:00 [queued]>
[2025-04-10T03:13:27.748+0000] {taskinstance.py:2306} INFO - Starting attempt 1 of 4
[2025-04-10T03:13:27.753+0000] {taskinstance.py:2330} INFO - Executing <Task(PythonOperator): load_data> on 2025-04-10 03:13:23.288254+00:00
[2025-04-10T03:13:27.760+0000] {logging_mixin.py:188} WARNING - /home/***/.local/lib/python3.12/site-packages/***/task/task_runner/standard_task_runner.py:62 DeprecationWarning: This process (pid=212) is multi-threaded, use of fork() may lead to deadlocks in the child.
[2025-04-10T03:13:27.761+0000] {standard_task_runner.py:64} INFO - Started process 213 to run task
[2025-04-10T03:13:27.759+0000] {standard_task_runner.py:90} INFO - Running: ['***', 'tasks', 'run', 'realtime_user_streaming_pipeline', 'load_data', 'manual__2025-04-10T03:13:23.288254+00:00', '--job-id', '37', '--raw', '--subdir', 'DAGS_FOLDER/realtime_streaming.py', '--cfg-path', '/tmp/tmpkzk3r04c']
[2025-04-10T03:13:27.762+0000] {standard_task_runner.py:91} INFO - Job 37: Subtask load_data
[2025-04-10T03:13:27.803+0000] {task_command.py:426} INFO - Running <TaskInstance: realtime_user_streaming_pipeline.load_data manual__2025-04-10T03:13:23.288254+00:00 [running]> on host 4b246fcce89d
[2025-04-10T03:13:27.849+0000] {taskinstance.py:2648} INFO - Exporting env vars: AIRFLOW_CTX_DAG_OWNER='data_engineer' AIRFLOW_CTX_DAG_ID='realtime_user_streaming_pipeline' AIRFLOW_CTX_TASK_ID='load_data' AIRFLOW_CTX_EXECUTION_DATE='2025-04-10T03:13:23.288254+00:00' AIRFLOW_CTX_TRY_NUMBER='1' AIRFLOW_CTX_DAG_RUN_ID='manual__2025-04-10T03:13:23.288254+00:00'
[2025-04-10T03:13:27.850+0000] {taskinstance.py:430} INFO - ::endgroup::
[2025-04-10T03:13:27.859+0000] {conn.py:362} INFO - <BrokerConnection node_id=bootstrap-0 host=broker:9092 <connecting> [IPv4 ('172.18.0.8', 9092)]>: connecting to broker:9092 [('172.18.0.8', 9092) IPv4]
[2025-04-10T03:13:27.860+0000] {conn.py:957} INFO - Probing node bootstrap-0 broker version
[2025-04-10T03:13:27.860+0000] {conn.py:393} INFO - <BrokerConnection node_id=bootstrap-0 host=broker:9092 <connecting> [IPv4 ('172.18.0.8', 9092)]>: Connection complete.
[2025-04-10T03:13:27.963+0000] {conn.py:1019} INFO - Broker version identified as 2.6.0
[2025-04-10T03:13:27.964+0000] {conn.py:1020} INFO - Set configuration api_version=(2, 6, 0) to skip auto check_version requests on startup
[2025-04-10T03:13:27.972+0000] {etl_pipeline.py:110} INFO - Successfully sent 0 users to Kafka.
[2025-04-10T03:13:27.973+0000] {conn.py:673} INFO - <BrokerConnection node_id=bootstrap-0 host=broker:9092 <connected> [IPv4 ('172.18.0.8', 9092)]>: Closing connection. 
[2025-04-10T03:13:27.973+0000] {python.py:237} INFO - Done. Returned value was: None
[2025-04-10T03:13:27.973+0000] {taskinstance.py:441} INFO - ::group::Post task execution logs
[2025-04-10T03:13:27.981+0000] {taskinstance.py:1206} INFO - Marking task as SUCCESS. dag_id=realtime_user_streaming_pipeline, task_id=load_data, run_id=manual__2025-04-10T03:13:23.288254+00:00, execution_date=20250410T031323, start_date=20250410T031327, end_date=20250410T031327
[2025-04-10T03:13:28.026+0000] {local_task_job_runner.py:243} INFO - Task exited with return code 0
[2025-04-10T03:13:28.037+0000] {taskinstance.py:3503} INFO - 0 downstream tasks scheduled from follow-on schedule check
[2025-04-10T03:13:28.037+0000] {local_task_job_runner.py:222} INFO - ::endgroup::
