[2025-04-10T03:05:13.167+0000] {manager.py:470} INFO - Processing files using up to 2 processes at a time 
[2025-04-10T03:05:13.168+0000] {manager.py:471} INFO - Process each file at most once every 30 seconds
[2025-04-10T03:05:13.168+0000] {manager.py:472} INFO - Checking for new files in /opt/airflow/dags every 300 seconds
[2025-04-10T03:05:13.168+0000] {manager.py:737} INFO - Searching for files in /opt/airflow/dags
[2025-04-10T03:05:13.176+0000] {manager.py:740} INFO - There are 1 files in /opt/airflow/dags
[2025-04-10T03:05:13.303+0000] {manager.py:878} INFO - 
================================================================================
DAG File Processing Stats

File Path                                  PID  Runtime      # DAGs    # Errors  Last Runtime    Last Run
---------------------------------------  -----  ---------  --------  ----------  --------------  ----------
/opt/airflow/dags/realtime_streaming.py    200  0.03s             0           0
================================================================================
[2025-04-10T03:05:43.398+0000] {manager.py:878} INFO - 
================================================================================
DAG File Processing Stats

File Path                                PID    Runtime      # DAGs    # Errors  Last Runtime    Last Run
---------------------------------------  -----  ---------  --------  ----------  --------------  -------------------
/opt/airflow/dags/realtime_streaming.py                           1           0  0.49s           2025-04-10T03:05:13
================================================================================
[2025-04-10T03:06:13.747+0000] {manager.py:878} INFO - 
================================================================================
DAG File Processing Stats

File Path                                PID    Runtime      # DAGs    # Errors  Last Runtime    Last Run
---------------------------------------  -----  ---------  --------  ----------  --------------  -------------------
/opt/airflow/dags/realtime_streaming.py                           1           0  1.38s           2025-04-10T03:05:45
================================================================================
[2025-04-10T03:06:44.239+0000] {manager.py:878} INFO - 
================================================================================
DAG File Processing Stats

File Path                                PID    Runtime      # DAGs    # Errors  Last Runtime    Last Run
---------------------------------------  -----  ---------  --------  ----------  --------------  -------------------
/opt/airflow/dags/realtime_streaming.py                           1           0  0.43s           2025-04-10T03:06:16
================================================================================
[2025-04-10T03:07:14.941+0000] {manager.py:878} INFO - 
================================================================================
DAG File Processing Stats

File Path                                PID    Runtime      # DAGs    # Errors  Last Runtime    Last Run
---------------------------------------  -----  ---------  --------  ----------  --------------  -------------------
/opt/airflow/dags/realtime_streaming.py                           1           0  0.27s           2025-04-10T03:06:46
================================================================================
[2025-04-10T03:07:45.389+0000] {manager.py:878} INFO - 
================================================================================
DAG File Processing Stats

File Path                                PID    Runtime      # DAGs    # Errors  Last Runtime    Last Run
---------------------------------------  -----  ---------  --------  ----------  --------------  -------------------
/opt/airflow/dags/realtime_streaming.py                           1           0  0.22s           2025-04-10T03:07:17
================================================================================
[2025-04-10T03:08:15.709+0000] {manager.py:878} INFO - 
================================================================================
DAG File Processing Stats

File Path                                PID    Runtime      # DAGs    # Errors  Last Runtime    Last Run
---------------------------------------  -----  ---------  --------  ----------  --------------  -------------------
/opt/airflow/dags/realtime_streaming.py                           1           0  0.30s           2025-04-10T03:07:47
================================================================================
[2025-04-10T03:08:46.042+0000] {manager.py:878} INFO - 
================================================================================
DAG File Processing Stats

File Path                                PID    Runtime      # DAGs    # Errors  Last Runtime    Last Run
---------------------------------------  -----  ---------  --------  ----------  --------------  -------------------
/opt/airflow/dags/realtime_streaming.py                           1           0  0.24s           2025-04-10T03:08:17
================================================================================
[2025-04-10T03:09:16.412+0000] {manager.py:878} INFO - 
================================================================================
DAG File Processing Stats

File Path                                PID    Runtime      # DAGs    # Errors  Last Runtime    Last Run
---------------------------------------  -----  ---------  --------  ----------  --------------  -------------------
/opt/airflow/dags/realtime_streaming.py                           1           0  0.27s           2025-04-10T03:08:48
================================================================================
[2025-04-10T03:09:46.731+0000] {manager.py:878} INFO - 
================================================================================
DAG File Processing Stats

File Path                                PID    Runtime      # DAGs    # Errors  Last Runtime    Last Run
---------------------------------------  -----  ---------  --------  ----------  --------------  -------------------
/opt/airflow/dags/realtime_streaming.py                           1           0  0.22s           2025-04-10T03:09:18
================================================================================
[2025-04-10T03:10:13.389+0000] {manager.py:737} INFO - Searching for files in /opt/airflow/dags
[2025-04-10T03:10:13.400+0000] {manager.py:740} INFO - There are 1 files in /opt/airflow/dags
[2025-04-10T03:10:16.990+0000] {manager.py:878} INFO - 
================================================================================
DAG File Processing Stats

File Path                                PID    Runtime      # DAGs    # Errors  Last Runtime    Last Run
---------------------------------------  -----  ---------  --------  ----------  --------------  -------------------
/opt/airflow/dags/realtime_streaming.py                           1           0  0.49s           2025-04-10T03:09:49
================================================================================
[2025-04-10T03:10:47.755+0000] {manager.py:878} INFO - 
================================================================================
DAG File Processing Stats

File Path                                PID    Runtime      # DAGs    # Errors  Last Runtime    Last Run
---------------------------------------  -----  ---------  --------  ----------  --------------  -------------------
/opt/airflow/dags/realtime_streaming.py                           1           0  0.26s           2025-04-10T03:10:19
================================================================================
[2025-04-10T03:11:18.226+0000] {manager.py:878} INFO - 
================================================================================
DAG File Processing Stats

File Path                                PID    Runtime      # DAGs    # Errors  Last Runtime    Last Run
---------------------------------------  -----  ---------  --------  ----------  --------------  -------------------
/opt/airflow/dags/realtime_streaming.py                           1           0  0.78s           2025-04-10T03:11:01
================================================================================
[2025-04-10T03:11:48.686+0000] {manager.py:878} INFO - 
================================================================================
DAG File Processing Stats

File Path                                PID    Runtime      # DAGs    # Errors  Last Runtime    Last Run
---------------------------------------  -----  ---------  --------  ----------  --------------  -------------------
/opt/airflow/dags/realtime_streaming.py                           1           0  0.26s           2025-04-10T03:11:31
================================================================================
[2025-04-10T03:12:19.051+0000] {manager.py:878} INFO - 
================================================================================
DAG File Processing Stats

File Path                                PID    Runtime      # DAGs    # Errors  Last Runtime    Last Run
---------------------------------------  -----  ---------  --------  ----------  --------------  -------------------
/opt/airflow/dags/realtime_streaming.py                           1           0  0.24s           2025-04-10T03:12:02
================================================================================
[2025-04-10T03:12:43.968+0000] {manager.py:452} INFO - Exiting gracefully upon receiving signal 15
[2025-04-10T03:13:01.212+0000] {manager.py:470} INFO - Processing files using up to 2 processes at a time 
[2025-04-10T03:13:01.213+0000] {manager.py:471} INFO - Process each file at most once every 30 seconds
[2025-04-10T03:13:01.214+0000] {manager.py:472} INFO - Checking for new files in /opt/airflow/dags every 300 seconds
[2025-04-10T03:13:01.217+0000] {manager.py:737} INFO - Searching for files in /opt/airflow/dags
[2025-04-10T03:13:01.229+0000] {manager.py:740} INFO - There are 1 files in /opt/airflow/dags
[2025-04-10T03:13:01.383+0000] {manager.py:878} INFO - 
================================================================================
DAG File Processing Stats

File Path                                  PID  Runtime      # DAGs    # Errors  Last Runtime    Last Run
---------------------------------------  -----  ---------  --------  ----------  --------------  ----------
/opt/airflow/dags/realtime_streaming.py    192  0.10s             0           0
================================================================================
[2025-04-10T03:13:31.576+0000] {manager.py:878} INFO - 
================================================================================
DAG File Processing Stats

File Path                                PID    Runtime      # DAGs    # Errors  Last Runtime    Last Run
---------------------------------------  -----  ---------  --------  ----------  --------------  -------------------
/opt/airflow/dags/realtime_streaming.py                           1           0  0.85s           2025-04-10T03:13:02
================================================================================
[2025-04-10T03:14:01.696+0000] {manager.py:878} INFO - 
================================================================================
DAG File Processing Stats

File Path                                PID    Runtime      # DAGs    # Errors  Last Runtime    Last Run
---------------------------------------  -----  ---------  --------  ----------  --------------  -------------------
/opt/airflow/dags/realtime_streaming.py                           1           0  0.54s           2025-04-10T03:13:33
================================================================================
[2025-04-10T03:14:32.035+0000] {manager.py:878} INFO - 
================================================================================
DAG File Processing Stats

File Path                                PID    Runtime      # DAGs    # Errors  Last Runtime    Last Run
---------------------------------------  -----  ---------  --------  ----------  --------------  -------------------
/opt/airflow/dags/realtime_streaming.py                           1           0  0.99s           2025-04-10T03:14:04
================================================================================
[2025-04-10T03:14:47.213+0000] {manager.py:452} INFO - Exiting gracefully upon receiving signal 15
