[2025-04-10T03:05:13.288+0000] {processor.py:161} INFO - Started process (PID=200) to work on /opt/airflow/dags/realtime_streaming.py
[2025-04-10T03:05:13.289+0000] {processor.py:830} INFO - Processing file /opt/airflow/dags/realtime_streaming.py for tasks to queue
[2025-04-10T03:05:13.294+0000] {logging_mixin.py:188} INFO - [2025-04-10T03:05:13.294+0000] {dagbag.py:545} INFO - Filling up the DagBag from /opt/airflow/dags/realtime_streaming.py
[2025-04-10T03:05:13.558+0000] {processor.py:840} INFO - DAG(s) 'realtime_user_streaming_pipeline' retrieved from /opt/airflow/dags/realtime_streaming.py
[2025-04-10T03:05:13.734+0000] {logging_mixin.py:188} INFO - [2025-04-10T03:05:13.733+0000] {dag.py:3089} INFO - Sync 1 DAGs
[2025-04-10T03:05:13.743+0000] {logging_mixin.py:188} INFO - [2025-04-10T03:05:13.743+0000] {dag.py:3947} INFO - Setting next_dagrun for realtime_user_streaming_pipeline to 2025-04-10 00:00:00+00:00, run_after=2025-04-11 00:00:00+00:00
[2025-04-10T03:05:13.753+0000] {processor.py:183} INFO - Processing /opt/airflow/dags/realtime_streaming.py took 0.469 seconds
[2025-04-10T03:05:44.658+0000] {processor.py:161} INFO - Started process (PID=211) to work on /opt/airflow/dags/realtime_streaming.py
[2025-04-10T03:05:44.664+0000] {processor.py:830} INFO - Processing file /opt/airflow/dags/realtime_streaming.py for tasks to queue
[2025-04-10T03:05:44.704+0000] {logging_mixin.py:188} INFO - [2025-04-10T03:05:44.699+0000] {dagbag.py:545} INFO - Filling up the DagBag from /opt/airflow/dags/realtime_streaming.py
[2025-04-10T03:05:45.314+0000] {processor.py:840} INFO - DAG(s) 'realtime_user_streaming_pipeline' retrieved from /opt/airflow/dags/realtime_streaming.py
[2025-04-10T03:05:45.782+0000] {logging_mixin.py:188} INFO - [2025-04-10T03:05:45.782+0000] {dag.py:3089} INFO - Sync 1 DAGs
[2025-04-10T03:05:45.812+0000] {logging_mixin.py:188} INFO - [2025-04-10T03:05:45.812+0000] {dag.py:3947} INFO - Setting next_dagrun for realtime_user_streaming_pipeline to 2025-04-10 00:00:00+00:00, run_after=2025-04-11 00:00:00+00:00
[2025-04-10T03:05:45.828+0000] {processor.py:183} INFO - Processing /opt/airflow/dags/realtime_streaming.py took 1.239 seconds
[2025-04-10T03:06:16.100+0000] {processor.py:161} INFO - Started process (PID=228) to work on /opt/airflow/dags/realtime_streaming.py
[2025-04-10T03:06:16.105+0000] {processor.py:830} INFO - Processing file /opt/airflow/dags/realtime_streaming.py for tasks to queue
[2025-04-10T03:06:16.108+0000] {logging_mixin.py:188} INFO - [2025-04-10T03:06:16.108+0000] {dagbag.py:545} INFO - Filling up the DagBag from /opt/airflow/dags/realtime_streaming.py
[2025-04-10T03:06:16.295+0000] {processor.py:840} INFO - DAG(s) 'realtime_user_streaming_pipeline' retrieved from /opt/airflow/dags/realtime_streaming.py
[2025-04-10T03:06:16.373+0000] {logging_mixin.py:188} INFO - [2025-04-10T03:06:16.373+0000] {dag.py:3089} INFO - Sync 1 DAGs
[2025-04-10T03:06:16.420+0000] {logging_mixin.py:188} INFO - [2025-04-10T03:06:16.420+0000] {dag.py:3947} INFO - Setting next_dagrun for realtime_user_streaming_pipeline to 2025-04-10 00:00:00+00:00, run_after=2025-04-11 00:00:00+00:00
[2025-04-10T03:06:16.446+0000] {processor.py:183} INFO - Processing /opt/airflow/dags/realtime_streaming.py took 0.376 seconds
[2025-04-10T03:06:46.750+0000] {processor.py:161} INFO - Started process (PID=248) to work on /opt/airflow/dags/realtime_streaming.py
[2025-04-10T03:06:46.755+0000] {processor.py:830} INFO - Processing file /opt/airflow/dags/realtime_streaming.py for tasks to queue
[2025-04-10T03:06:46.761+0000] {logging_mixin.py:188} INFO - [2025-04-10T03:06:46.760+0000] {dagbag.py:545} INFO - Filling up the DagBag from /opt/airflow/dags/realtime_streaming.py
[2025-04-10T03:06:46.877+0000] {processor.py:840} INFO - DAG(s) 'realtime_user_streaming_pipeline' retrieved from /opt/airflow/dags/realtime_streaming.py
[2025-04-10T03:06:46.917+0000] {logging_mixin.py:188} INFO - [2025-04-10T03:06:46.917+0000] {dag.py:3089} INFO - Sync 1 DAGs
[2025-04-10T03:06:46.932+0000] {logging_mixin.py:188} INFO - [2025-04-10T03:06:46.932+0000] {dag.py:3947} INFO - Setting next_dagrun for realtime_user_streaming_pipeline to 2025-04-10 00:00:00+00:00, run_after=2025-04-11 00:00:00+00:00
[2025-04-10T03:06:46.941+0000] {processor.py:183} INFO - Processing /opt/airflow/dags/realtime_streaming.py took 0.205 seconds
[2025-04-10T03:07:17.023+0000] {processor.py:161} INFO - Started process (PID=259) to work on /opt/airflow/dags/realtime_streaming.py
[2025-04-10T03:07:17.024+0000] {processor.py:830} INFO - Processing file /opt/airflow/dags/realtime_streaming.py for tasks to queue
[2025-04-10T03:07:17.028+0000] {logging_mixin.py:188} INFO - [2025-04-10T03:07:17.028+0000] {dagbag.py:545} INFO - Filling up the DagBag from /opt/airflow/dags/realtime_streaming.py
[2025-04-10T03:07:17.132+0000] {processor.py:840} INFO - DAG(s) 'realtime_user_streaming_pipeline' retrieved from /opt/airflow/dags/realtime_streaming.py
[2025-04-10T03:07:17.158+0000] {logging_mixin.py:188} INFO - [2025-04-10T03:07:17.158+0000] {dag.py:3089} INFO - Sync 1 DAGs
[2025-04-10T03:07:17.174+0000] {logging_mixin.py:188} INFO - [2025-04-10T03:07:17.174+0000] {dag.py:3947} INFO - Setting next_dagrun for realtime_user_streaming_pipeline to 2025-04-10 00:00:00+00:00, run_after=2025-04-11 00:00:00+00:00
[2025-04-10T03:07:17.183+0000] {processor.py:183} INFO - Processing /opt/airflow/dags/realtime_streaming.py took 0.171 seconds
[2025-04-10T03:07:47.475+0000] {processor.py:161} INFO - Started process (PID=270) to work on /opt/airflow/dags/realtime_streaming.py
[2025-04-10T03:07:47.478+0000] {processor.py:830} INFO - Processing file /opt/airflow/dags/realtime_streaming.py for tasks to queue
[2025-04-10T03:07:47.481+0000] {logging_mixin.py:188} INFO - [2025-04-10T03:07:47.480+0000] {dagbag.py:545} INFO - Filling up the DagBag from /opt/airflow/dags/realtime_streaming.py
[2025-04-10T03:07:47.636+0000] {processor.py:840} INFO - DAG(s) 'realtime_user_streaming_pipeline' retrieved from /opt/airflow/dags/realtime_streaming.py
[2025-04-10T03:07:47.674+0000] {logging_mixin.py:188} INFO - [2025-04-10T03:07:47.673+0000] {dag.py:3089} INFO - Sync 1 DAGs
[2025-04-10T03:07:47.691+0000] {logging_mixin.py:188} INFO - [2025-04-10T03:07:47.691+0000] {dag.py:3947} INFO - Setting next_dagrun for realtime_user_streaming_pipeline to 2025-04-10 00:00:00+00:00, run_after=2025-04-11 00:00:00+00:00
[2025-04-10T03:07:47.706+0000] {processor.py:183} INFO - Processing /opt/airflow/dags/realtime_streaming.py took 0.256 seconds
[2025-04-10T03:08:17.813+0000] {processor.py:161} INFO - Started process (PID=290) to work on /opt/airflow/dags/realtime_streaming.py
[2025-04-10T03:08:17.815+0000] {processor.py:830} INFO - Processing file /opt/airflow/dags/realtime_streaming.py for tasks to queue
[2025-04-10T03:08:17.818+0000] {logging_mixin.py:188} INFO - [2025-04-10T03:08:17.817+0000] {dagbag.py:545} INFO - Filling up the DagBag from /opt/airflow/dags/realtime_streaming.py
[2025-04-10T03:08:17.937+0000] {processor.py:840} INFO - DAG(s) 'realtime_user_streaming_pipeline' retrieved from /opt/airflow/dags/realtime_streaming.py
[2025-04-10T03:08:17.970+0000] {logging_mixin.py:188} INFO - [2025-04-10T03:08:17.969+0000] {dag.py:3089} INFO - Sync 1 DAGs
[2025-04-10T03:08:17.984+0000] {logging_mixin.py:188} INFO - [2025-04-10T03:08:17.984+0000] {dag.py:3947} INFO - Setting next_dagrun for realtime_user_streaming_pipeline to 2025-04-10 00:00:00+00:00, run_after=2025-04-11 00:00:00+00:00
[2025-04-10T03:08:17.993+0000] {processor.py:183} INFO - Processing /opt/airflow/dags/realtime_streaming.py took 0.190 seconds
[2025-04-10T03:08:48.151+0000] {processor.py:161} INFO - Started process (PID=301) to work on /opt/airflow/dags/realtime_streaming.py
[2025-04-10T03:08:48.152+0000] {processor.py:830} INFO - Processing file /opt/airflow/dags/realtime_streaming.py for tasks to queue
[2025-04-10T03:08:48.156+0000] {logging_mixin.py:188} INFO - [2025-04-10T03:08:48.155+0000] {dagbag.py:545} INFO - Filling up the DagBag from /opt/airflow/dags/realtime_streaming.py
[2025-04-10T03:08:48.265+0000] {processor.py:840} INFO - DAG(s) 'realtime_user_streaming_pipeline' retrieved from /opt/airflow/dags/realtime_streaming.py
[2025-04-10T03:08:48.302+0000] {logging_mixin.py:188} INFO - [2025-04-10T03:08:48.302+0000] {dag.py:3089} INFO - Sync 1 DAGs
[2025-04-10T03:08:48.327+0000] {logging_mixin.py:188} INFO - [2025-04-10T03:08:48.326+0000] {dag.py:3947} INFO - Setting next_dagrun for realtime_user_streaming_pipeline to 2025-04-10 00:00:00+00:00, run_after=2025-04-11 00:00:00+00:00
[2025-04-10T03:08:48.336+0000] {processor.py:183} INFO - Processing /opt/airflow/dags/realtime_streaming.py took 0.201 seconds
[2025-04-10T03:09:18.498+0000] {processor.py:161} INFO - Started process (PID=312) to work on /opt/airflow/dags/realtime_streaming.py
[2025-04-10T03:09:18.499+0000] {processor.py:830} INFO - Processing file /opt/airflow/dags/realtime_streaming.py for tasks to queue
[2025-04-10T03:09:18.503+0000] {logging_mixin.py:188} INFO - [2025-04-10T03:09:18.503+0000] {dagbag.py:545} INFO - Filling up the DagBag from /opt/airflow/dags/realtime_streaming.py
[2025-04-10T03:09:18.606+0000] {processor.py:840} INFO - DAG(s) 'realtime_user_streaming_pipeline' retrieved from /opt/airflow/dags/realtime_streaming.py
[2025-04-10T03:09:18.636+0000] {logging_mixin.py:188} INFO - [2025-04-10T03:09:18.636+0000] {dag.py:3089} INFO - Sync 1 DAGs
[2025-04-10T03:09:18.650+0000] {logging_mixin.py:188} INFO - [2025-04-10T03:09:18.649+0000] {dag.py:3947} INFO - Setting next_dagrun for realtime_user_streaming_pipeline to 2025-04-10 00:00:00+00:00, run_after=2025-04-11 00:00:00+00:00
[2025-04-10T03:09:18.657+0000] {processor.py:183} INFO - Processing /opt/airflow/dags/realtime_streaming.py took 0.168 seconds
[2025-04-10T03:09:48.845+0000] {processor.py:161} INFO - Started process (PID=323) to work on /opt/airflow/dags/realtime_streaming.py
[2025-04-10T03:09:48.850+0000] {processor.py:830} INFO - Processing file /opt/airflow/dags/realtime_streaming.py for tasks to queue
[2025-04-10T03:09:48.869+0000] {logging_mixin.py:188} INFO - [2025-04-10T03:09:48.865+0000] {dagbag.py:545} INFO - Filling up the DagBag from /opt/airflow/dags/realtime_streaming.py
[2025-04-10T03:09:49.079+0000] {processor.py:840} INFO - DAG(s) 'realtime_user_streaming_pipeline' retrieved from /opt/airflow/dags/realtime_streaming.py
[2025-04-10T03:09:49.148+0000] {logging_mixin.py:188} INFO - [2025-04-10T03:09:49.148+0000] {dag.py:3089} INFO - Sync 1 DAGs
[2025-04-10T03:09:49.201+0000] {logging_mixin.py:188} INFO - [2025-04-10T03:09:49.201+0000] {dag.py:3947} INFO - Setting next_dagrun for realtime_user_streaming_pipeline to 2025-04-10 00:00:00+00:00, run_after=2025-04-11 00:00:00+00:00
[2025-04-10T03:09:49.246+0000] {processor.py:183} INFO - Processing /opt/airflow/dags/realtime_streaming.py took 0.420 seconds
[2025-04-10T03:10:19.523+0000] {processor.py:161} INFO - Started process (PID=334) to work on /opt/airflow/dags/realtime_streaming.py
[2025-04-10T03:10:19.524+0000] {processor.py:830} INFO - Processing file /opt/airflow/dags/realtime_streaming.py for tasks to queue
[2025-04-10T03:10:19.526+0000] {logging_mixin.py:188} INFO - [2025-04-10T03:10:19.526+0000] {dagbag.py:545} INFO - Filling up the DagBag from /opt/airflow/dags/realtime_streaming.py
[2025-04-10T03:10:19.648+0000] {processor.py:840} INFO - DAG(s) 'realtime_user_streaming_pipeline' retrieved from /opt/airflow/dags/realtime_streaming.py
[2025-04-10T03:10:19.690+0000] {logging_mixin.py:188} INFO - [2025-04-10T03:10:19.690+0000] {dag.py:3089} INFO - Sync 1 DAGs
[2025-04-10T03:10:19.709+0000] {logging_mixin.py:188} INFO - [2025-04-10T03:10:19.708+0000] {dag.py:3947} INFO - Setting next_dagrun for realtime_user_streaming_pipeline to 2025-04-10 00:00:00+00:00, run_after=2025-04-11 00:00:00+00:00
[2025-04-10T03:10:19.718+0000] {processor.py:183} INFO - Processing /opt/airflow/dags/realtime_streaming.py took 0.203 seconds
[2025-04-10T03:10:49.926+0000] {processor.py:161} INFO - Started process (PID=345) to work on /opt/airflow/dags/realtime_streaming.py
[2025-04-10T03:10:49.928+0000] {processor.py:830} INFO - Processing file /opt/airflow/dags/realtime_streaming.py for tasks to queue
[2025-04-10T03:10:49.933+0000] {logging_mixin.py:188} INFO - [2025-04-10T03:10:49.932+0000] {dagbag.py:545} INFO - Filling up the DagBag from /opt/airflow/dags/realtime_streaming.py
[2025-04-10T03:10:50.070+0000] {processor.py:840} INFO - DAG(s) 'realtime_user_streaming_pipeline' retrieved from /opt/airflow/dags/realtime_streaming.py
[2025-04-10T03:10:50.154+0000] {logging_mixin.py:188} INFO - [2025-04-10T03:10:50.153+0000] {dag.py:3089} INFO - Sync 1 DAGs
[2025-04-10T03:10:50.237+0000] {logging_mixin.py:188} INFO - [2025-04-10T03:10:50.237+0000] {dag.py:3947} INFO - Setting next_dagrun for realtime_user_streaming_pipeline to 2025-04-10 00:00:00+00:00, run_after=2025-04-11 00:00:00+00:00
[2025-04-10T03:10:50.252+0000] {processor.py:183} INFO - Processing /opt/airflow/dags/realtime_streaming.py took 0.354 seconds
[2025-04-10T03:11:00.404+0000] {processor.py:161} INFO - Started process (PID=350) to work on /opt/airflow/dags/realtime_streaming.py
[2025-04-10T03:11:00.409+0000] {processor.py:830} INFO - Processing file /opt/airflow/dags/realtime_streaming.py for tasks to queue
[2025-04-10T03:11:00.413+0000] {logging_mixin.py:188} INFO - [2025-04-10T03:11:00.413+0000] {dagbag.py:545} INFO - Filling up the DagBag from /opt/airflow/dags/realtime_streaming.py
[2025-04-10T03:11:00.558+0000] {processor.py:840} INFO - DAG(s) 'realtime_user_streaming_pipeline' retrieved from /opt/airflow/dags/realtime_streaming.py
[2025-04-10T03:11:01.044+0000] {logging_mixin.py:188} INFO - [2025-04-10T03:11:01.043+0000] {dag.py:3089} INFO - Sync 1 DAGs
[2025-04-10T03:11:01.096+0000] {logging_mixin.py:188} INFO - [2025-04-10T03:11:01.095+0000] {dag.py:3947} INFO - Setting next_dagrun for realtime_user_streaming_pipeline to 2025-04-10 00:00:00+00:00, run_after=2025-04-11 00:00:00+00:00
[2025-04-10T03:11:01.109+0000] {processor.py:183} INFO - Processing /opt/airflow/dags/realtime_streaming.py took 0.721 seconds
[2025-04-10T03:11:31.481+0000] {processor.py:161} INFO - Started process (PID=363) to work on /opt/airflow/dags/realtime_streaming.py
[2025-04-10T03:11:31.482+0000] {processor.py:830} INFO - Processing file /opt/airflow/dags/realtime_streaming.py for tasks to queue
[2025-04-10T03:11:31.485+0000] {logging_mixin.py:188} INFO - [2025-04-10T03:11:31.485+0000] {dagbag.py:545} INFO - Filling up the DagBag from /opt/airflow/dags/realtime_streaming.py
[2025-04-10T03:11:31.608+0000] {processor.py:840} INFO - DAG(s) 'realtime_user_streaming_pipeline' retrieved from /opt/airflow/dags/realtime_streaming.py
[2025-04-10T03:11:31.645+0000] {logging_mixin.py:188} INFO - [2025-04-10T03:11:31.645+0000] {dag.py:3089} INFO - Sync 1 DAGs
[2025-04-10T03:11:31.661+0000] {logging_mixin.py:188} INFO - [2025-04-10T03:11:31.661+0000] {dag.py:3947} INFO - Setting next_dagrun for realtime_user_streaming_pipeline to 2025-04-10 00:00:00+00:00, run_after=2025-04-11 00:00:00+00:00
[2025-04-10T03:11:31.670+0000] {processor.py:183} INFO - Processing /opt/airflow/dags/realtime_streaming.py took 0.201 seconds
[2025-04-10T03:12:01.891+0000] {processor.py:161} INFO - Started process (PID=374) to work on /opt/airflow/dags/realtime_streaming.py
[2025-04-10T03:12:01.892+0000] {processor.py:830} INFO - Processing file /opt/airflow/dags/realtime_streaming.py for tasks to queue
[2025-04-10T03:12:01.898+0000] {logging_mixin.py:188} INFO - [2025-04-10T03:12:01.898+0000] {dagbag.py:545} INFO - Filling up the DagBag from /opt/airflow/dags/realtime_streaming.py
[2025-04-10T03:12:02.004+0000] {processor.py:840} INFO - DAG(s) 'realtime_user_streaming_pipeline' retrieved from /opt/airflow/dags/realtime_streaming.py
[2025-04-10T03:12:02.039+0000] {logging_mixin.py:188} INFO - [2025-04-10T03:12:02.039+0000] {dag.py:3089} INFO - Sync 1 DAGs
[2025-04-10T03:12:02.060+0000] {logging_mixin.py:188} INFO - [2025-04-10T03:12:02.060+0000] {dag.py:3947} INFO - Setting next_dagrun for realtime_user_streaming_pipeline to 2025-04-10 00:00:00+00:00, run_after=2025-04-11 00:00:00+00:00
[2025-04-10T03:12:02.071+0000] {processor.py:183} INFO - Processing /opt/airflow/dags/realtime_streaming.py took 0.193 seconds
[2025-04-10T03:12:32.275+0000] {processor.py:161} INFO - Started process (PID=385) to work on /opt/airflow/dags/realtime_streaming.py
[2025-04-10T03:12:32.276+0000] {processor.py:830} INFO - Processing file /opt/airflow/dags/realtime_streaming.py for tasks to queue
[2025-04-10T03:12:32.284+0000] {logging_mixin.py:188} INFO - [2025-04-10T03:12:32.284+0000] {dagbag.py:545} INFO - Filling up the DagBag from /opt/airflow/dags/realtime_streaming.py
[2025-04-10T03:12:32.395+0000] {processor.py:840} INFO - DAG(s) 'realtime_user_streaming_pipeline' retrieved from /opt/airflow/dags/realtime_streaming.py
[2025-04-10T03:12:32.426+0000] {logging_mixin.py:188} INFO - [2025-04-10T03:12:32.426+0000] {dag.py:3089} INFO - Sync 1 DAGs
[2025-04-10T03:12:32.444+0000] {logging_mixin.py:188} INFO - [2025-04-10T03:12:32.444+0000] {dag.py:3947} INFO - Setting next_dagrun for realtime_user_streaming_pipeline to 2025-04-10 00:00:00+00:00, run_after=2025-04-11 00:00:00+00:00
[2025-04-10T03:12:32.453+0000] {processor.py:183} INFO - Processing /opt/airflow/dags/realtime_streaming.py took 0.190 seconds
[2025-04-10T03:13:01.338+0000] {processor.py:161} INFO - Started process (PID=192) to work on /opt/airflow/dags/realtime_streaming.py
[2025-04-10T03:13:01.339+0000] {processor.py:830} INFO - Processing file /opt/airflow/dags/realtime_streaming.py for tasks to queue
[2025-04-10T03:13:01.343+0000] {logging_mixin.py:188} INFO - [2025-04-10T03:13:01.343+0000] {dagbag.py:545} INFO - Filling up the DagBag from /opt/airflow/dags/realtime_streaming.py
[2025-04-10T03:13:01.868+0000] {processor.py:840} INFO - DAG(s) 'realtime_user_streaming_pipeline' retrieved from /opt/airflow/dags/realtime_streaming.py
[2025-04-10T03:13:01.968+0000] {logging_mixin.py:188} INFO - [2025-04-10T03:13:01.968+0000] {dag.py:3089} INFO - Sync 1 DAGs
[2025-04-10T03:13:02.073+0000] {logging_mixin.py:188} INFO - [2025-04-10T03:13:02.072+0000] {dag.py:3947} INFO - Setting next_dagrun for realtime_user_streaming_pipeline to 2025-04-10 00:00:00+00:00, run_after=2025-04-11 00:00:00+00:00
[2025-04-10T03:13:02.097+0000] {processor.py:183} INFO - Processing /opt/airflow/dags/realtime_streaming.py took 0.775 seconds
[2025-04-10T03:13:32.724+0000] {processor.py:161} INFO - Started process (PID=215) to work on /opt/airflow/dags/realtime_streaming.py
[2025-04-10T03:13:32.726+0000] {processor.py:830} INFO - Processing file /opt/airflow/dags/realtime_streaming.py for tasks to queue
[2025-04-10T03:13:32.737+0000] {logging_mixin.py:188} INFO - [2025-04-10T03:13:32.736+0000] {dagbag.py:545} INFO - Filling up the DagBag from /opt/airflow/dags/realtime_streaming.py
[2025-04-10T03:13:32.919+0000] {processor.py:840} INFO - DAG(s) 'realtime_user_streaming_pipeline' retrieved from /opt/airflow/dags/realtime_streaming.py
[2025-04-10T03:13:33.099+0000] {logging_mixin.py:188} INFO - [2025-04-10T03:13:33.099+0000] {dag.py:3089} INFO - Sync 1 DAGs
[2025-04-10T03:13:33.128+0000] {logging_mixin.py:188} INFO - [2025-04-10T03:13:33.128+0000] {dag.py:3947} INFO - Setting next_dagrun for realtime_user_streaming_pipeline to 2025-04-10 00:00:00+00:00, run_after=2025-04-11 00:00:00+00:00
[2025-04-10T03:13:33.152+0000] {processor.py:183} INFO - Processing /opt/airflow/dags/realtime_streaming.py took 0.452 seconds
[2025-04-10T03:14:04.207+0000] {processor.py:161} INFO - Started process (PID=244) to work on /opt/airflow/dags/realtime_streaming.py
[2025-04-10T03:14:04.213+0000] {processor.py:830} INFO - Processing file /opt/airflow/dags/realtime_streaming.py for tasks to queue
[2025-04-10T03:14:04.260+0000] {logging_mixin.py:188} INFO - [2025-04-10T03:14:04.256+0000] {dagbag.py:545} INFO - Filling up the DagBag from /opt/airflow/dags/realtime_streaming.py
[2025-04-10T03:14:04.653+0000] {processor.py:840} INFO - DAG(s) 'realtime_user_streaming_pipeline' retrieved from /opt/airflow/dags/realtime_streaming.py
[2025-04-10T03:14:04.725+0000] {logging_mixin.py:188} INFO - [2025-04-10T03:14:04.725+0000] {dag.py:3089} INFO - Sync 1 DAGs
[2025-04-10T03:14:04.773+0000] {logging_mixin.py:188} INFO - [2025-04-10T03:14:04.773+0000] {dag.py:3947} INFO - Setting next_dagrun for realtime_user_streaming_pipeline to 2025-04-10 00:00:00+00:00, run_after=2025-04-11 00:00:00+00:00
[2025-04-10T03:14:04.822+0000] {processor.py:183} INFO - Processing /opt/airflow/dags/realtime_streaming.py took 0.779 seconds
[2025-04-10T03:14:35.149+0000] {processor.py:161} INFO - Started process (PID=255) to work on /opt/airflow/dags/realtime_streaming.py
[2025-04-10T03:14:35.153+0000] {processor.py:830} INFO - Processing file /opt/airflow/dags/realtime_streaming.py for tasks to queue
[2025-04-10T03:14:35.160+0000] {logging_mixin.py:188} INFO - [2025-04-10T03:14:35.160+0000] {dagbag.py:545} INFO - Filling up the DagBag from /opt/airflow/dags/realtime_streaming.py
[2025-04-10T03:14:35.315+0000] {processor.py:840} INFO - DAG(s) 'realtime_user_streaming_pipeline' retrieved from /opt/airflow/dags/realtime_streaming.py
[2025-04-10T03:14:35.352+0000] {logging_mixin.py:188} INFO - [2025-04-10T03:14:35.352+0000] {dag.py:3089} INFO - Sync 1 DAGs
[2025-04-10T03:14:35.367+0000] {logging_mixin.py:188} INFO - [2025-04-10T03:14:35.367+0000] {dag.py:3947} INFO - Setting next_dagrun for realtime_user_streaming_pipeline to 2025-04-10 00:00:00+00:00, run_after=2025-04-11 00:00:00+00:00
[2025-04-10T03:14:35.381+0000] {processor.py:183} INFO - Processing /opt/airflow/dags/realtime_streaming.py took 0.245 seconds
